<?xml version="1.0" encoding="UTF-8"?>
<!-- Generated by org.testng.reporters.JUnitReportReporter -->
<testsuite hostname="Damjan" failures="0" tests="3" name="TestCreateAnAdSasomange" time="24.629" errors="0" timestamp="2024-07-09T15:23:43 CEST" skipped="0">
  <testcase classname="TestCreateAnAdSasomange" name="testCase1" time="8.119"/>
  <system-out/>
  <testcase classname="TestCreateAnAdSasomange" name="testCase3" time="8.602"/>
  <system-out/>
  <testcase classname="TestCreateAnAdSasomange" name="testCase2" time="7.908"/>
  <system-out/>
</testsuite> <!-- TestCreateAnAdSasomange -->
