<?xml version="1.0" encoding="UTF-8"?>
<!-- Generated by org.testng.reporters.JUnitReportReporter -->
<testsuite hostname="Damjan" failures="0" tests="1" name="projectDemoBlaze.TestDemoBlazeClass6" time="6.027" errors="0" timestamp="2024-07-13T20:06:30 CEST" skipped="0">
  <testcase classname="projectDemoBlaze.TestDemoBlazeClass6" name="testCase17" time="6.027"/>
  <system-out/>
</testsuite> <!-- projectDemoBlaze.TestDemoBlazeClass6 -->
