<?xml version="1.0" encoding="UTF-8"?>
<!-- Generated by org.testng.reporters.JUnitReportReporter -->
<testsuite hostname="Damjan" failures="0" tests="3" name="projectSasomangeCreateAd.TestCreateAnAdSasomange" time="27.407" errors="0" timestamp="2024-07-12T14:20:22 CEST" skipped="0">
  <testcase classname="projectSasomangeCreateAd.TestCreateAnAdSasomange" name="testCase3" time="8.419"/>
  <system-out/>
  <testcase classname="projectSasomangeCreateAd.TestCreateAnAdSasomange" name="testCase2" time="11.795"/>
  <system-out/>
  <testcase classname="projectSasomangeCreateAd.TestCreateAnAdSasomange" name="testCase1" time="7.193"/>
  <system-out/>
</testsuite> <!-- projectSasomangeCreateAd.TestCreateAnAdSasomange -->
