<?xml version="1.0" encoding="UTF-8"?>
<!-- Generated by org.testng.reporters.JUnitReportReporter -->
<testsuite hostname="Damjan" failures="0" tests="1" name="projectMyStore.TestScript" time="1.721" errors="0" timestamp="2024-07-18T09:57:19 CEST" skipped="0">
  <testcase classname="projectMyStore.TestScript" name="verifyTitleOnTheSecondPageOfItem" time="1.721"/>
  <system-out/>
</testsuite> <!-- projectMyStore.TestScript -->
