<?xml version="1.0" encoding="UTF-8"?>
<!-- Generated by org.testng.reporters.JUnitReportReporter -->
<testsuite hostname="Damjan" failures="0" tests="10" name="projectSasomangeLoginPage.TestSasomangeLoginPageClass" time="23.669" errors="0" timestamp="2024-07-09T15:21:06 CEST" skipped="0">
  <testcase classname="projectSasomangeLoginPage.TestSasomangeLoginPageClass" name="invalidSasomangePassword" time="1.860"/>
  <system-out/>
  <testcase classname="projectSasomangeLoginPage.TestSasomangeLoginPageClass" name="invalidSasomangePassword" time="1.383"/>
  <system-out/>
  <testcase classname="projectSasomangeLoginPage.TestSasomangeLoginPageClass" name="invalidSasomangePassword" time="1.560"/>
  <system-out/>
  <testcase classname="projectSasomangeLoginPage.TestSasomangeLoginPageClass" name="invalidSasomangePassword" time="2.957"/>
  <system-out/>
  <testcase classname="projectSasomangeLoginPage.TestSasomangeLoginPageClass" name="invalidSasomangePassword" time="1.648"/>
  <system-out/>
  <testcase classname="projectSasomangeLoginPage.TestSasomangeLoginPageClass" name="forgetPassword" time="2.847"/>
  <system-out/>
  <testcase classname="projectSasomangeLoginPage.TestSasomangeLoginPageClass" name="leaveAllAndClick" time="1.704"/>
  <system-out/>
  <testcase classname="projectSasomangeLoginPage.TestSasomangeLoginPageClass" name="invalidSasomangePassword" time="1.502"/>
  <system-out/>
  <testcase classname="projectSasomangeLoginPage.TestSasomangeLoginPageClass" name="testCase2" time="2.761"/>
  <system-out/>
  <testcase classname="projectSasomangeLoginPage.TestSasomangeLoginPageClass" name="testCase1" time="5.447"/>
  <system-out/>
</testsuite> <!-- projectSasomangeLoginPage.TestSasomangeLoginPageClass -->
