<?xml version="1.0" encoding="UTF-8"?>
<!-- Generated by org.testng.reporters.JUnitReportReporter -->
<testsuite hostname="Damjan" failures="0" tests="24" name="projectDemoBlaze.TestDemoBlazeClass7" time="49.096" errors="0" timestamp="2024-07-13T20:10:44 CEST" skipped="0">
  <testcase classname="projectDemoBlaze.TestDemoBlazeClass7" name="verifyPricesFromSecondToThirdPageSixth" time="4.125"/>
  <system-out/>
  <testcase classname="projectDemoBlaze.TestDemoBlazeClass7" name="verifyDescriptionSonyFourth" time="1.369"/>
  <system-out/>
  <testcase classname="projectDemoBlaze.TestDemoBlazeClass7" name="verifyPricesFromSecondToThirdPage" time="3.838"/>
  <system-out/>
  <testcase classname="projectDemoBlaze.TestDemoBlazeClass7" name="verifyPriceSonyThird" time="1.340"/>
  <system-out/>
  <testcase classname="projectDemoBlaze.TestDemoBlazeClass7" name="verifyNameSonyThird" time="1.352"/>
  <system-out/>
  <testcase classname="projectDemoBlaze.TestDemoBlazeClass7" name="verifyPriceSonySixth" time="1.365"/>
  <system-out/>
  <testcase classname="projectDemoBlaze.TestDemoBlazeClass7" name="verifyPricesFromSecondToThirdPageFourth" time="4.129"/>
  <system-out/>
  <testcase classname="projectDemoBlaze.TestDemoBlazeClass7" name="verifyDescriptionSonySixth" time="1.526"/>
  <system-out/>
  <testcase classname="projectDemoBlaze.TestDemoBlazeClass7" name="verifyNameSonyFifth" time="1.044"/>
  <system-out/>
  <testcase classname="projectDemoBlaze.TestDemoBlazeClass7" name="verifyNameSonyFourth" time="1.394"/>
  <system-out/>
  <testcase classname="projectDemoBlaze.TestDemoBlazeClass7" name="verifyNameSonySecond" time="1.035"/>
  <system-out/>
  <testcase classname="projectDemoBlaze.TestDemoBlazeClass7" name="verifyPriceSonyFifth" time="1.224"/>
  <system-out/>
  <testcase classname="projectDemoBlaze.TestDemoBlazeClass7" name="verifyPricesFromSecondToThirdPageFifth" time="3.789"/>
  <system-out/>
  <testcase classname="projectDemoBlaze.TestDemoBlazeClass7" name="verifyPricesFromSecondToThirdPageSecond" time="3.790"/>
  <system-out/>
  <testcase classname="projectDemoBlaze.TestDemoBlazeClass7" name="verifyPricesFromSecondToThirdPageThird" time="3.294"/>
  <system-out/>
  <testcase classname="projectDemoBlaze.TestDemoBlazeClass7" name="verifyNameSony" time="1.338"/>
  <system-out/>
  <testcase classname="projectDemoBlaze.TestDemoBlazeClass7" name="verifyNameSonySixth" time="1.374"/>
  <system-out/>
  <testcase classname="projectDemoBlaze.TestDemoBlazeClass7" name="verifyDescriptionSonyFifth" time="1.936"/>
  <system-out/>
  <testcase classname="projectDemoBlaze.TestDemoBlazeClass7" name="verifyDescriptionSonyThird" time="1.787"/>
  <system-out/>
  <testcase classname="projectDemoBlaze.TestDemoBlazeClass7" name="verifyPriceSonyFourth" time="1.580"/>
  <system-out/>
  <testcase classname="projectDemoBlaze.TestDemoBlazeClass7" name="verifyDescriptionSony" time="2.234"/>
  <system-out/>
  <testcase classname="projectDemoBlaze.TestDemoBlazeClass7" name="verifyDescriptionSonySecond" time="1.643"/>
  <system-out/>
  <testcase classname="projectDemoBlaze.TestDemoBlazeClass7" name="verifyPriceSony" time="1.048"/>
  <system-out/>
  <testcase classname="projectDemoBlaze.TestDemoBlazeClass7" name="verifyPriceSonySecond" time="1.542"/>
  <system-out/>
</testsuite> <!-- projectDemoBlaze.TestDemoBlazeClass7 -->
