<?xml version="1.0" encoding="UTF-8"?>
<!-- Generated by org.testng.reporters.JUnitReportReporter -->
<testsuite hostname="Damjan" failures="0" tests="5" name="projectDemoBlaze.TestDemoBlazeClass2" time="16.227" errors="0" timestamp="2024-07-13T20:02:22 CEST" skipped="0">
  <testcase classname="projectDemoBlaze.TestDemoBlazeClass2" name="testCase5" time="5.469"/>
  <system-out/>
  <testcase classname="projectDemoBlaze.TestDemoBlazeClass2" name="testCase4" time="2.147"/>
  <system-out/>
  <testcase classname="projectDemoBlaze.TestDemoBlazeClass2" name="testCase3" time="1.475"/>
  <system-out/>
  <testcase classname="projectDemoBlaze.TestDemoBlazeClass2" name="testCase2" time="4.539"/>
  <system-out/>
  <testcase classname="projectDemoBlaze.TestDemoBlazeClass2" name="testCase1" time="2.597"/>
  <system-out/>
</testsuite> <!-- projectDemoBlaze.TestDemoBlazeClass2 -->
