<?xml version="1.0" encoding="UTF-8"?>
<!-- Generated by org.testng.reporters.JUnitReportReporter -->
<testsuite hostname="Damjan" failures="0" tests="10" name="projectSrbijaVoz.TestSrbijaVozClass" time="19.283" errors="0" timestamp="2024-07-09T15:21:43 CEST" skipped="0">
  <testcase classname="projectSrbijaVoz.TestSrbijaVozClass" name="invalidEmailTests" time="2.094"/>
  <system-out/>
  <testcase classname="projectSrbijaVoz.TestSrbijaVozClass" name="testCase1" time="1.000"/>
  <system-out/>
  <testcase classname="projectSrbijaVoz.TestSrbijaVozClass" name="invalidEmailTests" time="2.350"/>
  <system-out/>
  <testcase classname="projectSrbijaVoz.TestSrbijaVozClass" name="invalidEmailTests" time="2.227"/>
  <system-out/>
  <testcase classname="projectSrbijaVoz.TestSrbijaVozClass" name="invalidEmailTests" time="2.250"/>
  <system-out/>
  <testcase classname="projectSrbijaVoz.TestSrbijaVozClass" name="invalidEmailTests" time="2.183"/>
  <system-out/>
  <testcase classname="projectSrbijaVoz.TestSrbijaVozClass" name="testCase2" time="2.148"/>
  <system-out/>
  <testcase classname="projectSrbijaVoz.TestSrbijaVozClass" name="invalidEmailTests" time="2.433"/>
  <system-out/>
  <testcase classname="projectSrbijaVoz.TestSrbijaVozClass" name="testCase3" time="0.444"/>
  <system-out/>
  <testcase classname="projectSrbijaVoz.TestSrbijaVozClass" name="invalidEmailTests" time="2.154"/>
  <system-out/>
</testsuite> <!-- projectSrbijaVoz.TestSrbijaVozClass -->
