<?xml version="1.0" encoding="UTF-8"?>
<!-- Generated by org.testng.reporters.JUnitReportReporter -->
<testsuite hostname="Damjan" failures="0" tests="2" name="projectMyStore.TestScript" time="2.171" errors="0" timestamp="2024-07-09T15:17:47 CEST" skipped="0">
  <testcase classname="projectMyStore.TestScript" name="verifyPriceOnTheSecondPageOfItem" time="1.582"/>
  <system-out/>
  <testcase classname="projectMyStore.TestScript" name="verifyTitleOnTheSecondPageOfItem" time="0.589"/>
  <system-out/>
</testsuite> <!-- projectMyStore.TestScript -->
