<?xml version="1.0" encoding="UTF-8"?>
<!-- Generated by org.testng.reporters.JUnitReportReporter -->
<testsuite hostname="Damjan" failures="0" tests="17" name="projectSasomangeRegistrationPage.TestRegistrationSasomangeClass" time="62.653" errors="0" timestamp="2024-07-09T19:35:47 CEST" skipped="0">
  <testcase classname="projectSasomangeRegistrationPage.TestRegistrationSasomangeClass" name="testCase6" time="4.226"/>
  <system-out/>
  <testcase classname="projectSasomangeRegistrationPage.TestRegistrationSasomangeClass" name="testCase7" time="3.854"/>
  <system-out/>
  <testcase classname="projectSasomangeRegistrationPage.TestRegistrationSasomangeClass" name="testCase7" time="3.893"/>
  <system-out/>
  <testcase classname="projectSasomangeRegistrationPage.TestRegistrationSasomangeClass" name="testCase5" time="2.347"/>
  <system-out/>
  <testcase classname="projectSasomangeRegistrationPage.TestRegistrationSasomangeClass" name="testCase7" time="3.826"/>
  <system-out/>
  <testcase classname="projectSasomangeRegistrationPage.TestRegistrationSasomangeClass" name="testCase6" time="3.930"/>
  <system-out/>
  <testcase classname="projectSasomangeRegistrationPage.TestRegistrationSasomangeClass" name="testCase7" time="3.796"/>
  <system-out/>
  <testcase classname="projectSasomangeRegistrationPage.TestRegistrationSasomangeClass" name="testCase1" time="3.348"/>
  <system-out/>
  <testcase classname="projectSasomangeRegistrationPage.TestRegistrationSasomangeClass" name="testCase2" time="3.468"/>
  <system-out/>
  <testcase classname="projectSasomangeRegistrationPage.TestRegistrationSasomangeClass" name="testCase3" time="2.342"/>
  <system-out/>
  <testcase classname="projectSasomangeRegistrationPage.TestRegistrationSasomangeClass" name="testCase6" time="3.882"/>
  <system-out/>
  <testcase classname="projectSasomangeRegistrationPage.TestRegistrationSasomangeClass" name="testCase9" time="4.102"/>
  <system-out/>
  <testcase classname="projectSasomangeRegistrationPage.TestRegistrationSasomangeClass" name="testCase10" time="2.861"/>
  <system-out/>
  <testcase classname="projectSasomangeRegistrationPage.TestRegistrationSasomangeClass" name="testCase6" time="4.120"/>
  <system-out/>
  <testcase classname="projectSasomangeRegistrationPage.TestRegistrationSasomangeClass" name="testCase7" time="5.204"/>
  <system-out/>
  <testcase classname="projectSasomangeRegistrationPage.TestRegistrationSasomangeClass" name="testCase7" time="3.916"/>
  <system-out/>
  <testcase classname="projectSasomangeRegistrationPage.TestRegistrationSasomangeClass" name="testCase4" time="3.538"/>
  <system-out/>
</testsuite> <!-- projectSasomangeRegistrationPage.TestRegistrationSasomangeClass -->
