<?xml version="1.0" encoding="UTF-8"?>
<!-- Generated by org.testng.reporters.JUnitReportReporter -->
<testsuite hostname="Damjan" failures="0" tests="1" name="projectIndianRailways.TestIndianRailwaysClass" time="8.316" errors="0" timestamp="2024-07-16T14:53:12 CEST" skipped="0">
  <testcase classname="projectIndianRailways.TestIndianRailwaysClass" name="verifyDriver" time="8.316"/>
  <system-out/>
</testsuite> <!-- projectIndianRailways.TestIndianRailwaysClass -->
