<?xml version="1.0" encoding="UTF-8"?>
<!-- Generated by org.testng.reporters.JUnitReportReporter -->
<testsuite hostname="Damjan" failures="0" tests="3" name="projectMyStore.TestScript" time="8.131" errors="0" timestamp="2024-06-25T14:49:50 CEST" skipped="0">
  <testcase classname="projectMyStore.TestScript" name="verifyIframeOnTheSecondPage" time="5.121"/>
  <system-out/>
  <testcase classname="projectMyStore.TestScript" name="verifyPriceOnTheSecondPageOfItem" time="2.421"/>
  <system-out/>
  <testcase classname="projectMyStore.TestScript" name="verifyTitleOnTheSecondPageOfItem" time="0.589"/>
  <system-out/>
</testsuite> <!-- projectMyStore.TestScript -->
