<?xml version="1.0" encoding="UTF-8"?>
<!-- Generated by org.testng.reporters.JUnitReportReporter -->
<testsuite hostname="Damjan" failures="0" tests="1" name="projectDemoBlaze.TestDemoBlazeClass4" time="5.697" errors="0" timestamp="2024-07-13T18:18:40 CEST" skipped="0">
  <testcase classname="projectDemoBlaze.TestDemoBlazeClass4" name="testCase13" time="5.697"/>
  <system-out/>
</testsuite> <!-- projectDemoBlaze.TestDemoBlazeClass4 -->
