<?xml version="1.0" encoding="UTF-8"?>
<!-- Generated by org.testng.reporters.JUnitReportReporter -->
<testsuite hostname="Damjan" failures="0" tests="4" name="projectDemoBlaze.TestDemoBlazeClass" time="9.921" errors="0" timestamp="2024-07-09T14:44:35 CEST" skipped="0">
  <testcase classname="projectDemoBlaze.TestDemoBlazeClass" name="testCase1" time="3.331"/>
  <system-out/>
  <testcase classname="projectDemoBlaze.TestDemoBlazeClass" name="testCase4" time="1.905"/>
  <system-out/>
  <testcase classname="projectDemoBlaze.TestDemoBlazeClass" name="testCase3" time="1.086"/>
  <system-out/>
  <testcase classname="projectDemoBlaze.TestDemoBlazeClass" name="testCase2" time="3.599"/>
  <system-out/>
</testsuite> <!-- projectDemoBlaze.TestDemoBlazeClass -->
