<?xml version="1.0" encoding="UTF-8"?>
<!-- Generated by org.testng.reporters.JUnitReportReporter -->
<testsuite hostname="Damjan" failures="0" tests="3" name="projectMyStore.TestScript" time="11.746" errors="0" timestamp="2024-06-26T09:32:44 CEST" skipped="0">
  <testcase classname="projectMyStore.TestScript" name="verifyIframeOnTheSecondPage" time="7.330"/>
  <system-out/>
  <testcase classname="projectMyStore.TestScript" name="verifyPriceOnTheSecondPageOfItem" time="0.920"/>
  <system-out/>
  <testcase classname="projectMyStore.TestScript" name="verifyTitleOnTheSecondPageOfItem" time="3.496"/>
  <system-out/>
</testsuite> <!-- projectMyStore.TestScript -->
