<?xml version="1.0" encoding="UTF-8"?>
<!-- Generated by org.testng.reporters.JUnitReportReporter -->
<testsuite hostname="Damjan" failures="0" tests="10" name="projectSrbijaVoz.TestSrbijaVozClass" time="19.844" errors="0" timestamp="2024-06-26T09:36:02 CEST" skipped="0">
  <testcase classname="projectSrbijaVoz.TestSrbijaVozClass" name="invalidEmailTests" time="1.826"/>
  <system-out/>
  <testcase classname="projectSrbijaVoz.TestSrbijaVozClass" name="testCase1" time="0.189"/>
  <system-out/>
  <testcase classname="projectSrbijaVoz.TestSrbijaVozClass" name="invalidEmailTests" time="1.822"/>
  <system-out/>
  <testcase classname="projectSrbijaVoz.TestSrbijaVozClass" name="testCase2" time="1.605"/>
  <system-out/>
  <testcase classname="projectSrbijaVoz.TestSrbijaVozClass" name="invalidEmailTests" time="1.659"/>
  <system-out/>
  <testcase classname="projectSrbijaVoz.TestSrbijaVozClass" name="invalidEmailTests" time="1.782"/>
  <system-out/>
  <testcase classname="projectSrbijaVoz.TestSrbijaVozClass" name="invalidEmailTests" time="5.299"/>
  <system-out/>
  <testcase classname="projectSrbijaVoz.TestSrbijaVozClass" name="invalidEmailTests" time="3.582"/>
  <system-out/>
  <testcase classname="projectSrbijaVoz.TestSrbijaVozClass" name="invalidEmailTests" time="1.620"/>
  <system-out/>
  <testcase classname="projectSrbijaVoz.TestSrbijaVozClass" name="testCase3" time="0.460"/>
  <system-out/>
</testsuite> <!-- projectSrbijaVoz.TestSrbijaVozClass -->
