<?xml version="1.0" encoding="UTF-8"?>
<!-- Generated by org.testng.reporters.JUnitReportReporter -->
<testsuite hostname="Damjan" failures="0" tests="10" name="projectSrbijaVoz.TestSrbijaVozClass" time="21.131" errors="0" timestamp="2024-06-25T14:37:09 CEST" skipped="0">
  <testcase classname="projectSrbijaVoz.TestSrbijaVozClass" name="invalidEmailTests" time="1.714"/>
  <system-out/>
  <testcase classname="projectSrbijaVoz.TestSrbijaVozClass" name="testCase1" time="1.891"/>
  <system-out/>
  <testcase classname="projectSrbijaVoz.TestSrbijaVozClass" name="invalidEmailTests" time="6.020"/>
  <system-out/>
  <testcase classname="projectSrbijaVoz.TestSrbijaVozClass" name="invalidEmailTests" time="1.750"/>
  <system-out/>
  <testcase classname="projectSrbijaVoz.TestSrbijaVozClass" name="invalidEmailTests" time="2.016"/>
  <system-out/>
  <testcase classname="projectSrbijaVoz.TestSrbijaVozClass" name="invalidEmailTests" time="1.780"/>
  <system-out/>
  <testcase classname="projectSrbijaVoz.TestSrbijaVozClass" name="testCase2" time="1.819"/>
  <system-out/>
  <testcase classname="projectSrbijaVoz.TestSrbijaVozClass" name="invalidEmailTests" time="1.838"/>
  <system-out/>
  <testcase classname="projectSrbijaVoz.TestSrbijaVozClass" name="testCase3" time="0.501"/>
  <system-out/>
  <testcase classname="projectSrbijaVoz.TestSrbijaVozClass" name="invalidEmailTests" time="1.802"/>
  <system-out/>
</testsuite> <!-- projectSrbijaVoz.TestSrbijaVozClass -->
