<?xml version="1.0" encoding="UTF-8"?>
<!-- Generated by org.testng.reporters.JUnitReportReporter -->
<testsuite hostname="Damjan" failures="0" tests="2" name="projectMyStore.TestScript" time="2.229" errors="0" timestamp="2024-07-09T15:47:06 CEST" skipped="0">
  <testcase classname="projectMyStore.TestScript" name="verifyPriceOnTheSecondPageOfItem" time="0.702"/>
  <system-out/>
  <testcase classname="projectMyStore.TestScript" name="verifyTitleOnTheSecondPageOfItem" time="1.527"/>
  <system-out/>
</testsuite> <!-- projectMyStore.TestScript -->
