<?xml version="1.0" encoding="UTF-8"?>
<!-- Generated by org.testng.reporters.JUnitReportReporter -->
<testsuite hostname="Damjan" failures="0" tests="4" name="projectDemoBlaze.TestDemoBlazeClass" time="14.676" errors="0" timestamp="2024-06-25T14:33:23 CEST" skipped="0">
  <testcase classname="projectDemoBlaze.TestDemoBlazeClass" name="testCase1" time="6.391"/>
  <system-out/>
  <testcase classname="projectDemoBlaze.TestDemoBlazeClass" name="testCase4" time="3.198"/>
  <system-out/>
  <testcase classname="projectDemoBlaze.TestDemoBlazeClass" name="testCase3" time="1.459"/>
  <system-out/>
  <testcase classname="projectDemoBlaze.TestDemoBlazeClass" name="testCase2" time="3.628"/>
  <system-out/>
</testsuite> <!-- projectDemoBlaze.TestDemoBlazeClass -->
