<?xml version="1.0" encoding="UTF-8"?>
<!-- Generated by org.testng.reporters.JUnitReportReporter -->
<testsuite hostname="Damjan" failures="0" tests="1" name="projectHomepageSrbijaVoz.HomePageTestClass" time="5.305" errors="0" timestamp="2024-07-09T14:50:08 CEST" skipped="0">
  <testcase classname="projectHomepageSrbijaVoz.HomePageTestClass" name="testCase1" time="5.305"/>
  <system-out/>
</testsuite> <!-- projectHomepageSrbijaVoz.HomePageTestClass -->
