<?xml version="1.0" encoding="UTF-8"?>
<!-- Generated by org.testng.reporters.JUnitReportReporter -->
<testsuite hostname="Damjan" failures="0" tests="1" name="projectIndianRailways.TestIndianRailwaysClass" time="35.944" errors="0" timestamp="2024-07-15T20:59:50 CEST" skipped="0">
  <testcase classname="projectIndianRailways.TestIndianRailwaysClass" name="verifyRegistrationForm" time="35.944"/>
  <system-out/>
</testsuite> <!-- projectIndianRailways.TestIndianRailwaysClass -->
