<?xml version="1.0" encoding="UTF-8"?>
<!-- Generated by org.testng.reporters.JUnitReportReporter -->
<testsuite hostname="Damjan" failures="0" tests="1" name="projectIndianRailways.TestIndianRailwaysClass" time="11.157" errors="0" timestamp="2024-07-16T17:46:05 CEST" skipped="0">
  <testcase classname="projectIndianRailways.TestIndianRailwaysClass" name="fillOutLoginFormPageAndBookTicket1" time="11.157"/>
  <system-out/>
</testsuite> <!-- projectIndianRailways.TestIndianRailwaysClass -->
