<?xml version="1.0" encoding="UTF-8"?>
<!-- Generated by org.testng.reporters.JUnitReportReporter -->
<testsuite hostname="Damjan" failures="0" tests="10" name="projectSasomangeLoginPage.TestSasomangeLoginPageClass" time="22.502" errors="0" timestamp="2024-06-25T14:26:36 CEST" skipped="0">
  <testcase classname="projectSasomangeLoginPage.TestSasomangeLoginPageClass" name="invalidSasomangePassword" time="1.159"/>
  <system-out/>
  <testcase classname="projectSasomangeLoginPage.TestSasomangeLoginPageClass" name="leaveAllAndClick" time="1.045"/>
  <system-out/>
  <testcase classname="projectSasomangeLoginPage.TestSasomangeLoginPageClass" name="invalidSasomangePassword" time="1.780"/>
  <system-out/>
  <testcase classname="projectSasomangeLoginPage.TestSasomangeLoginPageClass" name="invalidSasomangePassword" time="1.272"/>
  <system-out/>
  <testcase classname="projectSasomangeLoginPage.TestSasomangeLoginPageClass" name="forgetPassword" time="7.519"/>
  <system-out/>
  <testcase classname="projectSasomangeLoginPage.TestSasomangeLoginPageClass" name="invalidSasomangePassword" time="1.102"/>
  <system-out/>
  <testcase classname="projectSasomangeLoginPage.TestSasomangeLoginPageClass" name="invalidSasomangePassword" time="1.068"/>
  <system-out/>
  <testcase classname="projectSasomangeLoginPage.TestSasomangeLoginPageClass" name="invalidSasomangePassword" time="1.111"/>
  <system-out/>
  <testcase classname="projectSasomangeLoginPage.TestSasomangeLoginPageClass" name="testCase2" time="2.528"/>
  <system-out/>
  <testcase classname="projectSasomangeLoginPage.TestSasomangeLoginPageClass" name="testCase1" time="3.918"/>
  <system-out/>
</testsuite> <!-- projectSasomangeLoginPage.TestSasomangeLoginPageClass -->
