<?xml version="1.0" encoding="UTF-8"?>
<!-- Generated by org.testng.reporters.JUnitReportReporter -->
<testsuite hostname="Damjan" failures="0" tests="5" name="projectDemoBlaze.TestDemoBlazeClass2" time="14.248" errors="0" timestamp="2024-07-13T10:39:00 CEST" skipped="0">
  <testcase classname="projectDemoBlaze.TestDemoBlazeClass2" name="testCase5" time="3.808"/>
  <system-out/>
  <testcase classname="projectDemoBlaze.TestDemoBlazeClass2" name="testCase4" time="2.076"/>
  <system-out/>
  <testcase classname="projectDemoBlaze.TestDemoBlazeClass2" name="testCase3" time="1.493"/>
  <system-out/>
  <testcase classname="projectDemoBlaze.TestDemoBlazeClass2" name="testCase2" time="4.219"/>
  <system-out/>
  <testcase classname="projectDemoBlaze.TestDemoBlazeClass2" name="testCase1" time="2.652"/>
  <system-out/>
</testsuite> <!-- projectDemoBlaze.TestDemoBlazeClass2 -->
