<?xml version="1.0" encoding="UTF-8"?>
<!-- Generated by org.testng.reporters.JUnitReportReporter -->
<testsuite hostname="Damjan" failures="0" tests="1" name="projectIndianRailways.TestIndianRailwaysClass" time="10.021" errors="0" timestamp="2024-07-19T19:19:38 CEST" skipped="0">
  <testcase classname="projectIndianRailways.TestIndianRailwaysClass" name="verifyChartTrainBookingSystem" time="10.021"/>
  <system-out/>
</testsuite> <!-- projectIndianRailways.TestIndianRailwaysClass -->
