<?xml version="1.0" encoding="UTF-8"?>
<!-- Generated by org.testng.reporters.JUnitReportReporter -->
<testsuite hostname="Damjan" failures="0" tests="8" name="projectDemoBlaze.TestDemoBlazeClass8" time="15.615" errors="0" timestamp="2024-07-13T19:30:15 CEST" skipped="0">
  <testcase classname="projectDemoBlaze.TestDemoBlazeClass8" name="verifyNames2" time="1.799"/>
  <system-out/>
  <testcase classname="projectDemoBlaze.TestDemoBlazeClass8" name="verifyPrices2" time="1.025"/>
  <system-out/>
  <testcase classname="projectDemoBlaze.TestDemoBlazeClass8" name="verifyDescriptions2" time="1.714"/>
  <system-out/>
  <testcase classname="projectDemoBlaze.TestDemoBlazeClass8" name="verifyNames" time="1.326"/>
  <system-out/>
  <testcase classname="projectDemoBlaze.TestDemoBlazeClass8" name="verifyDescription" time="2.479"/>
  <system-out/>
  <testcase classname="projectDemoBlaze.TestDemoBlazeClass8" name="verifyPricesOnTheThirdPage" time="3.142"/>
  <system-out/>
  <testcase classname="projectDemoBlaze.TestDemoBlazeClass8" name="verifyPrices1" time="1.012"/>
  <system-out/>
  <testcase classname="projectDemoBlaze.TestDemoBlazeClass8" name="verifyPricesFromSecondToThirdPage" time="3.118"/>
  <system-out/>
</testsuite> <!-- projectDemoBlaze.TestDemoBlazeClass8 -->
