<?xml version="1.0" encoding="UTF-8"?>
<!-- Generated by org.testng.reporters.JUnitReportReporter -->
<testsuite hostname="Damjan" failures="0" tests="4" name="projectDemoBlaze.TestDemoBlazeClass" time="10.749" errors="0" timestamp="2024-07-10T07:39:09 CEST" skipped="0">
  <testcase classname="projectDemoBlaze.TestDemoBlazeClass" name="testCase1" time="2.726"/>
  <system-out/>
  <testcase classname="projectDemoBlaze.TestDemoBlazeClass" name="testCase4" time="2.219"/>
  <system-out/>
  <testcase classname="projectDemoBlaze.TestDemoBlazeClass" name="testCase3" time="1.294"/>
  <system-out/>
  <testcase classname="projectDemoBlaze.TestDemoBlazeClass" name="testCase2" time="4.510"/>
  <system-out/>
</testsuite> <!-- projectDemoBlaze.TestDemoBlazeClass -->
