<?xml version="1.0" encoding="UTF-8"?>
<!-- Generated by org.testng.reporters.JUnitReportReporter -->
<testsuite hostname="Damjan" failures="0" tests="3" name="projectSasomangeCreateAd.TestCreateAnAdSasomange" time="25.811" errors="0" timestamp="2024-07-09T15:54:57 CEST" skipped="0">
  <testcase classname="projectSasomangeCreateAd.TestCreateAnAdSasomange" name="testCase3" time="8.234"/>
  <system-out/>
  <testcase classname="projectSasomangeCreateAd.TestCreateAnAdSasomange" name="testCase1" time="6.918"/>
  <system-out/>
  <testcase classname="projectSasomangeCreateAd.TestCreateAnAdSasomange" name="testCase2" time="10.659"/>
  <system-out/>
</testsuite> <!-- projectSasomangeCreateAd.TestCreateAnAdSasomange -->
