<?xml version="1.0" encoding="UTF-8"?>
<!-- Generated by org.testng.reporters.JUnitReportReporter -->
<testsuite hostname="Damjan" failures="0" tests="18" name="projectDemoBlaze.TestDemoBlazeClass5" time="59.012" errors="0" timestamp="2024-07-13T20:05:58 CEST" skipped="0">
  <testcase classname="projectDemoBlaze.TestDemoBlazeClass5" name="negativeTestCase2" time="2.739"/>
  <system-out/>
  <testcase classname="projectDemoBlaze.TestDemoBlazeClass5" name="negativeTestCase1" time="2.654"/>
  <system-out/>
  <testcase classname="projectDemoBlaze.TestDemoBlazeClass5" name="negativeTestCase1" time="3.102"/>
  <system-out/>
  <testcase classname="projectDemoBlaze.TestDemoBlazeClass5" name="testCase16" time="0.716"/>
  <system-out/>
  <testcase classname="projectDemoBlaze.TestDemoBlazeClass5" name="negativeTestCase2" time="2.624"/>
  <system-out/>
  <testcase classname="projectDemoBlaze.TestDemoBlazeClass5" name="negativeTestCase2" time="3.405"/>
  <system-out/>
  <testcase classname="projectDemoBlaze.TestDemoBlazeClass5" name="negativeTestCase2" time="3.573"/>
  <system-out/>
  <testcase classname="projectDemoBlaze.TestDemoBlazeClass5" name="negativeTestCase1" time="2.816"/>
  <system-out/>
  <testcase classname="projectDemoBlaze.TestDemoBlazeClass5" name="negativeTestCase1" time="5.768"/>
  <system-out/>
  <testcase classname="projectDemoBlaze.TestDemoBlazeClass5" name="negativeTestCase1" time="3.412"/>
  <system-out/>
  <testcase classname="projectDemoBlaze.TestDemoBlazeClass5" name="negativeTestCase1" time="5.227"/>
  <system-out/>
  <testcase classname="projectDemoBlaze.TestDemoBlazeClass5" name="negativeTestCase2" time="2.663"/>
  <system-out/>
  <testcase classname="projectDemoBlaze.TestDemoBlazeClass5" name="negativeTestCase1" time="3.423"/>
  <system-out/>
  <testcase classname="projectDemoBlaze.TestDemoBlazeClass5" name="negativeTestCase2" time="2.921"/>
  <system-out/>
  <testcase classname="projectDemoBlaze.TestDemoBlazeClass5" name="negativeTestCase2" time="3.525"/>
  <system-out/>
  <testcase classname="projectDemoBlaze.TestDemoBlazeClass5" name="negativeTestCase1" time="3.695"/>
  <system-out/>
  <testcase classname="projectDemoBlaze.TestDemoBlazeClass5" name="negativeTestCase2" time="2.829"/>
  <system-out/>
  <testcase classname="projectDemoBlaze.TestDemoBlazeClass5" name="negativeTestCase2" time="3.920"/>
  <system-out/>
</testsuite> <!-- projectDemoBlaze.TestDemoBlazeClass5 -->
