<?xml version="1.0" encoding="UTF-8"?>
<!-- Generated by org.testng.reporters.JUnitReportReporter -->
<testsuite hostname="Damjan" failures="0" tests="4" name="projectDemoBlaze.TestDemoBlazeClass" time="16.525" errors="0" timestamp="2024-06-26T09:31:49 CEST" skipped="0">
  <testcase classname="projectDemoBlaze.TestDemoBlazeClass" name="testCase1" time="7.699"/>
  <system-out/>
  <testcase classname="projectDemoBlaze.TestDemoBlazeClass" name="testCase4" time="1.463"/>
  <system-out/>
  <testcase classname="projectDemoBlaze.TestDemoBlazeClass" name="testCase3" time="3.139"/>
  <system-out/>
  <testcase classname="projectDemoBlaze.TestDemoBlazeClass" name="testCase2" time="4.224"/>
  <system-out/>
</testsuite> <!-- projectDemoBlaze.TestDemoBlazeClass -->
