<?xml version="1.0" encoding="UTF-8"?>
<!-- Generated by org.testng.reporters.JUnitReportReporter -->
<testsuite hostname="Damjan" failures="0" tests="1" name="projectIndianRailways.TestIndianRailwaysClass" time="11.611" errors="0" timestamp="2024-07-16T22:21:57 CEST" skipped="0">
  <testcase classname="projectIndianRailways.TestIndianRailwaysClass" name="fillOutLoginFormPageAndBookTicket4" time="11.611"/>
  <system-out/>
</testsuite> <!-- projectIndianRailways.TestIndianRailwaysClass -->
