<?xml version="1.0" encoding="UTF-8"?>
<!-- Generated by org.testng.reporters.JUnitReportReporter -->
<testsuite hostname="Damjan" failures="0" tests="7" name="projectDemoBlaze.TestDemoBlazeClass4" time="30.164" errors="0" timestamp="2024-07-13T20:04:32 CEST" skipped="0">
  <testcase classname="projectDemoBlaze.TestDemoBlazeClass4" name="testCase7" time="6.954"/>
  <system-out/>
  <testcase classname="projectDemoBlaze.TestDemoBlazeClass4" name="testCase8" time="3.366"/>
  <system-out/>
  <testcase classname="projectDemoBlaze.TestDemoBlazeClass4" name="testCase9" time="3.869"/>
  <system-out/>
  <testcase classname="projectDemoBlaze.TestDemoBlazeClass4" name="testCase10" time="4.527"/>
  <system-out/>
  <testcase classname="projectDemoBlaze.TestDemoBlazeClass4" name="testCase11" time="3.272"/>
  <system-out/>
  <testcase classname="projectDemoBlaze.TestDemoBlazeClass4" name="testCase12" time="4.250"/>
  <system-out/>
  <testcase classname="projectDemoBlaze.TestDemoBlazeClass4" name="testCase13" time="3.926"/>
  <system-out/>
</testsuite> <!-- projectDemoBlaze.TestDemoBlazeClass4 -->
