<?xml version="1.0" encoding="UTF-8"?>
<!-- Generated by org.testng.reporters.JUnitReportReporter -->
<testsuite hostname="Damjan" failures="0" tests="10" name="projectSasomangeLoginPage.TestSasomangeLoginPageClass" time="20.396" errors="0" timestamp="2024-06-26T09:35:29 CEST" skipped="0">
  <testcase classname="projectSasomangeLoginPage.TestSasomangeLoginPageClass" name="invalidSasomangePassword" time="1.219"/>
  <system-out/>
  <testcase classname="projectSasomangeLoginPage.TestSasomangeLoginPageClass" name="invalidSasomangePassword" time="1.196"/>
  <system-out/>
  <testcase classname="projectSasomangeLoginPage.TestSasomangeLoginPageClass" name="invalidSasomangePassword" time="1.085"/>
  <system-out/>
  <testcase classname="projectSasomangeLoginPage.TestSasomangeLoginPageClass" name="invalidSasomangePassword" time="5.614"/>
  <system-out/>
  <testcase classname="projectSasomangeLoginPage.TestSasomangeLoginPageClass" name="invalidSasomangePassword" time="1.157"/>
  <system-out/>
  <testcase classname="projectSasomangeLoginPage.TestSasomangeLoginPageClass" name="forgetPassword" time="1.688"/>
  <system-out/>
  <testcase classname="projectSasomangeLoginPage.TestSasomangeLoginPageClass" name="leaveAllAndClick" time="0.894"/>
  <system-out/>
  <testcase classname="projectSasomangeLoginPage.TestSasomangeLoginPageClass" name="invalidSasomangePassword" time="1.157"/>
  <system-out/>
  <testcase classname="projectSasomangeLoginPage.TestSasomangeLoginPageClass" name="testCase2" time="2.097"/>
  <system-out/>
  <testcase classname="projectSasomangeLoginPage.TestSasomangeLoginPageClass" name="testCase1" time="4.289"/>
  <system-out/>
</testsuite> <!-- projectSasomangeLoginPage.TestSasomangeLoginPageClass -->
