<?xml version="1.0" encoding="UTF-8"?>
<!-- Generated by org.testng.reporters.JUnitReportReporter -->
<testsuite hostname="Damjan" failures="0" tests="1" name="projectHomepageSrbijaVoz.HomePageTestClass" time="11.145" errors="0" timestamp="2024-06-25T14:43:37 CEST" skipped="0">
  <testcase classname="projectHomepageSrbijaVoz.HomePageTestClass" name="testCase1" time="11.145"/>
  <system-out/>
</testsuite> <!-- projectHomepageSrbijaVoz.HomePageTestClass -->
