<?xml version="1.0" encoding="UTF-8"?>
<!-- Generated by org.testng.reporters.JUnitReportReporter -->
<testsuite hostname="Damjan" failures="0" tests="5" name="projectDemoBlaze.TestDemoBlazeClass" time="14.469" errors="0" timestamp="2024-07-10T10:14:19 CEST" skipped="0">
  <testcase classname="projectDemoBlaze.TestDemoBlazeClass" name="testCase5" time="3.833"/>
  <system-out/>
  <testcase classname="projectDemoBlaze.TestDemoBlazeClass" name="testCase1" time="2.598"/>
  <system-out/>
  <testcase classname="projectDemoBlaze.TestDemoBlazeClass" name="testCase4" time="2.905"/>
  <system-out/>
  <testcase classname="projectDemoBlaze.TestDemoBlazeClass" name="testCase3" time="1.286"/>
  <system-out/>
  <testcase classname="projectDemoBlaze.TestDemoBlazeClass" name="testCase2" time="3.847"/>
  <system-out/>
</testsuite> <!-- projectDemoBlaze.TestDemoBlazeClass -->
