<?xml version="1.0" encoding="UTF-8"?>
<!-- Generated by org.testng.reporters.JUnitReportReporter -->
<testsuite hostname="Damjan" failures="0" tests="1" name="projectDemoBlaze.TestDemoBlazeClass3" time="2.461" errors="0" timestamp="2024-07-13T10:40:00 CEST" skipped="0">
  <testcase classname="projectDemoBlaze.TestDemoBlazeClass3" name="testCase6" time="2.461"/>
  <system-out/>
</testsuite> <!-- projectDemoBlaze.TestDemoBlazeClass3 -->
