<?xml version="1.0" encoding="UTF-8"?>
<!-- Generated by org.testng.reporters.JUnitReportReporter -->
<testsuite hostname="Damjan" failures="0" tests="8" name="projectDemoBlaze.TestDemoBlazeClass8" time="16.963" errors="0" timestamp="2024-07-13T20:12:19 CEST" skipped="0">
  <testcase classname="projectDemoBlaze.TestDemoBlazeClass8" name="verifyNames2" time="1.788"/>
  <system-out/>
  <testcase classname="projectDemoBlaze.TestDemoBlazeClass8" name="verifyPrices2" time="1.216"/>
  <system-out/>
  <testcase classname="projectDemoBlaze.TestDemoBlazeClass8" name="verifyDescriptions2" time="1.796"/>
  <system-out/>
  <testcase classname="projectDemoBlaze.TestDemoBlazeClass8" name="verifyNames" time="1.413"/>
  <system-out/>
  <testcase classname="projectDemoBlaze.TestDemoBlazeClass8" name="verifyDescription" time="2.406"/>
  <system-out/>
  <testcase classname="projectDemoBlaze.TestDemoBlazeClass8" name="verifyPrices1" time="1.241"/>
  <system-out/>
  <testcase classname="projectDemoBlaze.TestDemoBlazeClass8" name="verifyPricesOnTheThirdPage" time="3.521"/>
  <system-out/>
  <testcase classname="projectDemoBlaze.TestDemoBlazeClass8" name="verifyPricesFromSecondToThirdPage" time="3.582"/>
  <system-out/>
</testsuite> <!-- projectDemoBlaze.TestDemoBlazeClass8 -->
